<?xml version="1.0" encoding="UTF-8"?>
<robot generator="Robot 3.2.2 (Python 3.8.2 on win32)" generated="20220929 17:39:40.884" rpa="false">
<suite id="s1" name="OuicklyRobotFrameworkProject" source="C:\Users\HediTOUMI\workspace\eclipse-workspace\OuicklyRobotFrameworkProject">
<suite id="s1-s1" name="Ouickly" source="C:\Users\HediTOUMI\workspace\eclipse-workspace\OuicklyRobotFrameworkProject\Ouickly">
<suite id="s1-s1-s1" name="CaptureScreenshotOuickly" source="C:\Users\HediTOUMI\workspace\eclipse-workspace\OuicklyRobotFrameworkProject\Ouickly\CaptureScreenshotOuickly.robot">
<kw name="open my Browser" library="LoginOuicklyRessources" type="setup">
<kw name="Open Browser" library="SeleniumLibrary">
<doc>Opens a new browser instance to the optional ``url``.</doc>
<arguments>
<arg>${url}</arg>
<arg>${Browser}</arg>
</arguments>
<msg timestamp="20220929 17:39:41.259" level="INFO">Opening browser 'firefox' to base url 'https://app.ouickly.fr/'.</msg>
<msg timestamp="20220929 17:39:41.277" level="INFO">Firefox driver log is always forced to to: C:\Users\HediTOUMI\workspace\eclipse-workspace\OuicklyRobotFrameworkProject\geckodriver-5.log</msg>
<status status="PASS" starttime="20220929 17:39:41.258" endtime="20220929 17:39:49.568"></status>
</kw>
<kw name="Maximize Browser Window" library="SeleniumLibrary">
<doc>Maximizes current browser window.</doc>
<status status="PASS" starttime="20220929 17:39:49.568" endtime="20220929 17:39:49.829"></status>
</kw>
<status status="PASS" starttime="20220929 17:39:41.258" endtime="20220929 17:39:49.830"></status>
</kw>
<test id="s1-s1-s1-t1" name="Screenshot Ouickly Login">
<kw name="Screenshot Logo">
<arguments>
<arg>${ouicklyLogo}</arg>
<arg>${username}</arg>
<arg>${password}</arg>
<arg>${ouicklyAvatar}</arg>
</arguments>
<kw name="Ouickly Screenshot Logo" library="LoginOuicklyRessources">
<kw name="Wait Until Element Is Enabled" library="SeleniumLibrary">
<doc>Waits until the element ``locator`` is enabled.</doc>
<arguments>
<arg>${OuicklyLogo}</arg>
</arguments>
<status status="PASS" starttime="20220929 17:39:49.834" endtime="20220929 17:39:49.955"></status>
</kw>
<kw name="Capture Element Screenshot" library="SeleniumLibrary">
<doc>Captures a screenshot from the element identified by ``locator`` and embeds it into log file.</doc>
<arguments>
<arg>${OuicklyLogo}</arg>
<arg>C:/Users/HediTOUMI/workspace/Screenshot_RobotFramework/OuicklyLogo1.png</arg>
</arguments>
<msg timestamp="20220929 17:39:49.988" level="INFO" html="yes">&lt;/td&gt;&lt;/tr&gt;&lt;tr&gt;&lt;td colspan="3"&gt;&lt;a href="../../Screenshot_RobotFramework/OuicklyLogo1.png"&gt;&lt;img src="../../Screenshot_RobotFramework/OuicklyLogo1.png" width="400px"&gt;&lt;/a&gt;</msg>
<status status="PASS" starttime="20220929 17:39:49.956" endtime="20220929 17:39:49.988"></status>
</kw>
<kw name="Capture Page Screenshot" library="SeleniumLibrary">
<doc>Takes a screenshot of the current page and embeds it into a log file.</doc>
<msg timestamp="20220929 17:39:50.165" level="INFO" html="yes">&lt;/td&gt;&lt;/tr&gt;&lt;tr&gt;&lt;td colspan="3"&gt;&lt;a href="selenium-screenshot-8.png"&gt;&lt;img src="selenium-screenshot-8.png" width="800px"&gt;&lt;/a&gt;</msg>
<status status="PASS" starttime="20220929 17:39:49.989" endtime="20220929 17:39:50.165"></status>
</kw>
<status status="PASS" starttime="20220929 17:39:49.833" endtime="20220929 17:39:50.165"></status>
</kw>
<kw name="Input Text" library="SeleniumLibrary">
<doc>Types the given ``text`` into the text field identified by ``locator``.</doc>
<arguments>
<arg>id:inputEmail4</arg>
<arg>${username}</arg>
</arguments>
<msg timestamp="20220929 17:39:50.166" level="INFO">Typing text 'hedi.toumi@aymax.fr' into text field 'id:inputEmail4'.</msg>
<status status="PASS" starttime="20220929 17:39:50.165" endtime="20220929 17:39:50.235"></status>
</kw>
<kw name="Input Text" library="SeleniumLibrary">
<doc>Types the given ``text`` into the text field identified by ``locator``.</doc>
<arguments>
<arg>id:password</arg>
<arg>${password}</arg>
</arguments>
<msg timestamp="20220929 17:39:50.235" level="INFO">Typing text 'Hedi-@1991' into text field 'id:password'.</msg>
<status status="PASS" starttime="20220929 17:39:50.235" endtime="20220929 17:39:50.277"></status>
</kw>
<kw name="Click Login Button" library="LoginOuicklyRessources">
<kw name="Click Element" library="SeleniumLibrary">
<doc>Click the element identified by ``locator``.</doc>
<arguments>
<arg>xpath://button[contains(.,'Connexion')]</arg>
</arguments>
<msg timestamp="20220929 17:39:50.281" level="INFO">Clicking element 'xpath://button[contains(.,'Connexion')]'.</msg>
<status status="PASS" starttime="20220929 17:39:50.280" endtime="20220929 17:39:50.524"></status>
</kw>
<status status="PASS" starttime="20220929 17:39:50.279" endtime="20220929 17:39:50.524"></status>
</kw>
<kw name="Ouickly Screenshot User avatar" library="LoginOuicklyRessources">
<kw name="Wait Until Element Is Enabled" library="SeleniumLibrary">
<doc>Waits until the element ``locator`` is enabled.</doc>
<arguments>
<arg>${OuicklyAvatar}</arg>
</arguments>
<status status="PASS" starttime="20220929 17:39:50.525" endtime="20220929 17:39:51.384"></status>
</kw>
<kw name="Capture Element Screenshot" library="SeleniumLibrary">
<doc>Captures a screenshot from the element identified by ``locator`` and embeds it into log file.</doc>
<arguments>
<arg>${OuicklyAvatar}</arg>
<arg>C:/Users/HediTOUMI/workspace/Screenshot_RobotFramework/OuicklyAvatar.png</arg>
</arguments>
<msg timestamp="20220929 17:39:51.452" level="INFO" html="yes">&lt;/td&gt;&lt;/tr&gt;&lt;tr&gt;&lt;td colspan="3"&gt;&lt;a href="../../Screenshot_RobotFramework/OuicklyAvatar.png"&gt;&lt;img src="../../Screenshot_RobotFramework/OuicklyAvatar.png" width="400px"&gt;&lt;/a&gt;</msg>
<status status="PASS" starttime="20220929 17:39:51.385" endtime="20220929 17:39:51.453"></status>
</kw>
<kw name="Capture Page Screenshot" library="SeleniumLibrary">
<doc>Takes a screenshot of the current page and embeds it into a log file.</doc>
<msg timestamp="20220929 17:39:51.644" level="INFO" html="yes">&lt;/td&gt;&lt;/tr&gt;&lt;tr&gt;&lt;td colspan="3"&gt;&lt;a href="selenium-screenshot-9.png"&gt;&lt;img src="selenium-screenshot-9.png" width="800px"&gt;&lt;/a&gt;</msg>
<status status="PASS" starttime="20220929 17:39:51.453" endtime="20220929 17:39:51.644"></status>
</kw>
<status status="PASS" starttime="20220929 17:39:50.525" endtime="20220929 17:39:51.644"></status>
</kw>
<kw name="Ouickly Logout" library="LoginOuicklyRessources">
<kw name="Click Element" library="SeleniumLibrary">
<doc>Click the element identified by ``locator``.</doc>
<arguments>
<arg>xpath://em[@class='icon feather icon-user f-20']</arg>
</arguments>
<msg timestamp="20220929 17:39:51.646" level="INFO">Clicking element 'xpath://em[@class='icon feather icon-user f-20']'.</msg>
<status status="PASS" starttime="20220929 17:39:51.646" endtime="20220929 17:39:51.888"></status>
</kw>
<kw name="Wait Until Element Contains" library="SeleniumLibrary">
<doc>Waits until the element ``locator`` contains ``text``.</doc>
<arguments>
<arg>${Logout}</arg>
<arg>Déconnexion</arg>
</arguments>
<status status="PASS" starttime="20220929 17:39:51.888" endtime="20220929 17:39:51.908"></status>
</kw>
<kw name="Click Element" library="SeleniumLibrary">
<doc>Click the element identified by ``locator``.</doc>
<arguments>
<arg>${Logout}</arg>
</arguments>
<msg timestamp="20220929 17:39:51.909" level="INFO">Clicking element 'xpath://a[contains(.,'Déconnexion')]'.</msg>
<status status="PASS" starttime="20220929 17:39:51.909" endtime="20220929 17:39:52.173"></status>
</kw>
<status status="PASS" starttime="20220929 17:39:51.645" endtime="20220929 17:39:52.174"></status>
</kw>
<status status="PASS" starttime="20220929 17:39:49.832" endtime="20220929 17:39:52.174"></status>
</kw>
<status status="PASS" starttime="20220929 17:39:49.831" endtime="20220929 17:39:52.175" critical="yes"></status>
</test>
<kw name="Close all Browser" library="LoginOuicklyRessources" type="teardown">
<kw name="Close All Browsers" library="SeleniumLibrary">
<doc>Closes all open browsers and resets the browser cache.</doc>
<status status="PASS" starttime="20220929 17:39:52.178" endtime="20220929 17:39:52.828"></status>
</kw>
<status status="PASS" starttime="20220929 17:39:52.177" endtime="20220929 17:39:52.829"></status>
</kw>
<doc>Simple example using SeleniumLibrary.</doc>
<status status="PASS" starttime="20220929 17:39:40.942" endtime="20220929 17:39:52.829"></status>
</suite>
<status status="PASS" starttime="20220929 17:39:40.938" endtime="20220929 17:39:52.830"></status>
</suite>
<status status="PASS" starttime="20220929 17:39:40.922" endtime="20220929 17:39:52.832"></status>
</suite>
<statistics>
<total>
<stat pass="1" fail="0">Critical Tests</stat>
<stat pass="1" fail="0">All Tests</stat>
</total>
<tag>
</tag>
<suite>
<stat pass="1" fail="0" id="s1" name="OuicklyRobotFrameworkProject">OuicklyRobotFrameworkProject</stat>
<stat pass="1" fail="0" id="s1-s1" name="Ouickly">OuicklyRobotFrameworkProject.Ouickly</stat>
<stat pass="1" fail="0" id="s1-s1-s1" name="CaptureScreenshotOuickly">OuicklyRobotFrameworkProject.Ouickly.CaptureScreenshotOuickly</stat>
</suite>
</statistics>
<errors>
</errors>
</robot>
